Node,0.372
R,5.255
R,5.065
Node,0.210
Node,0.095
R,5.236
R,5.222
Node,0.104
Node,0.095
R,4.914
R,5.623
Node,0.097
Node,0.096
R,5.321
R,5.123
Node,0.126
Node,0.093
R,5.222
R,5.111
Node,0.263
Node,0.118
R,5.796
R,6.293
Node,0.103
Node,0.105
R,5.905
R,5.447
Node,0.112
Node,0.098
R,5.499
R,5.433
Node,0.179
Node,0.094
R,5.121
R,5.321
Node,0.216
Node,0.141
R,5.195
R,5.228
Node,0.230
Node,0.399
R,5.491
R,5.883
Node,0.114
7406 20657 18250 21838 26842 26103 4907 29108 17649 13549 6697 9502 29145 4179 13564 660 17096 19722 27965 19065 5585 8817 3213 18495 1265 13442 29317 20461 7128 9131 23905 5970 7801 15981 4459 26375 11344 12470 2857 24358 19574 19711 10310 19403 11878 19237 29505 17743 11149 6408 32215 6207 21907 6374 30257 12574 7532 26997 25294 2015 24349 5058 12590 18209 24143 15052 836 11048 32661 10463 26521 21663 19069 22194 26688 2832 88 18496 7293 11039 21449 23398 10548 15498 3344 25665 23571 27616 10004 13125 19839 25604 12594 24862 13631 17249 456 31815 24043 10474 1407 29803 25362 5337 14172 24446 9774 6435 3462 29851 9801 5565 26325 22684 9835 31889 17695 6267 20170 22847 24641 28012 13489 6292 24047 9910 29996 19403 14908 21845 20088 25478 11496 5457 25646 7818 5997 4316 6697 10301 18376 6446 12860 8929 7176 28961 6293 6542 21144 9612 2799 5617 4939 3935 1659 21959 32044 23427 10380 23575 17667 13423 28165 23090 12455 27018 32131 11371 31495 12355 26697 26263 27894 23282 3567 11331 14010 8557 3786 20664 22099 22378 31002 31407 5771 11416 7414 18388 29378 21116 13048 11261 27510 9228 16808 2087 6037 11021 28073 13621 32386 7980 8358 32359 1769 15070 13050 18331 1603 505 1058 23367 15656 22031 11747 7218 19544 29839 15930 5877 28295 15001 9224 12085 748 19108 14970 25757 13448 28626 7994 27550 18999 23310 16215 5606 27512 5611 18164 18081 26107 18236 24500 28274 16367 9587 27105 19248 8970 12986 7263 26465 27733 7891 14163 5495 27837 27312 13714 25292 9818 10706 10444 15967 4732 32098 11381 20300 15482 9488 7031 14093 15675 16815 29849 15219 25473 9613 6573 5218 5369 20116 21884 22863 13315 26146 21618 19067 5697 25256 31753 29164 22497 9988 19703 22576 6059 15263 15383 18641 26570 32070 11800 25239 32602 24009 488 28544 30901 4694 21982 16512 10365 19347 29610 2297 22889 21373 3837 30200 30928 11523 17143 32053 32759 4449 31317 8137 9755 26429 11863 7341 10045 3972 10354 20214 11184 9219 12986 13267 7267 965 25357 21570 28655 18735 27905 3733 15455 1500 9867 31656 6595 24633 11124 27615 8563 28384 19324 14306 5668 28085 12107 24856 172 10435 24603 15844 19861 14548 7719 11682 14179 28114 12754 4192 2469 736 9112 32348 2238 30776 1717 31554 2673 11971 17047 8482 2862 8570 1796 32563 19486 22655 22283 10314 17904 29178 22188 11544 31841 23732 18247 32294 32398 8310 24261 29074 8185 20511 25992 26759 13917 392 18195 20605 26674 26392 377 31798 22526 26406 8071 4211 14434 19729 10673 122 5344 28705 14781 22089 23405 27676 7473 17047 29370 18344 12925 12431 26946 9316 27881 22860 2324 21700 11069 4883 23646 29616 19762 22610 28349 23004 13211 16988 22342 3302 5971 29666 22356 1073 25317 12081 6672 24452 31486 5165 24769 27489 8595 16913 10201 3878 24530 22756 4283 230 8906 5818 7245 23300 30425 3248 578 28565 3545 10149 12580 30067 31753 2233 17188 27425 22461 27014 29601 19298 10182 2081 24954 28568 19615 22223 10772 15325 20572 27527 10538 28899 18771 27436 26968 16268 15239 27782 4453 31304 9432 3845 23123 50 8173 16694 23080 15850 18909 29441 12154 24624 22176 12201 22973 5189 56 23424 19021 29186 15519 4461 31290 27573 26223 23583 4309 24511 17492 18190 26366 10222 6962 822 29483 17051 14101 7059 27193 29059 5852 30043 8435 27238 9893 6142 31331 30049 13559 30942 28379 5388 3762 18126 30657 5203 28087 29004 27678 5653 9815 26494 6630 638 16253 19183 10245 28197 24986 4614 3374 22245 18515 22090 10082 21115 8941 19031 16450 2788 3956 5023 2582 9332 7342 994 24985 27062 32451 28267 24714 22791 25257 5392 3315 28657 3153 26855 12599 20552 11155 6856 10463 6919 5082 14215 11809 7400 17039 19438 29748 10437 24647 19581 6742 15281 10411 15585 17305 18133 25899 21300 24433 15116 26210 4858 28415 12862 10311 7127 21275 21117 3353 10258 28452 18145 23305 30410 11399 27172 26788 7674 11024 32508 9223 46 10739 4668 24769 25090 30105 25257 6278 23391 26156 27293 2713 8309 15073 26462 26103 24184 24072 31291 27204 10266 24021 16236 11127 11723 9708 30375 25668 15795 17838 6530 844 18283 20294 31628 24327 24447 7026 20521 15469 32420 32273 12849 5223 30906 14193 2376 17401 26496 11862 26875 4908 1305 16074 17823 16060 12866 10664 6890 28806 9296 28902 24654 21168 30444 11429 26393 10646 7567 9466 32334 8312 28859 15482 30785 13540 21247 30600 28148 27876 10664 11358 23604 17384 9543 10204 30323 31346 5607 21267 19300 13444 18187 9617 5977 4809 8042 28778 24668 12933 105 19979 14351 16446 8540 17086 16196 2344 25213 23036 18267 14161 21416 19574 11615 9361 27356 31458 19167 28719 9842 18822 6286 17235 5915 10373 24218 28720 3483 21741 3788 22510 26695 7804 9316 17240 15423 15925 9650 6730 22124 2471 9076 9688 20536 3832 20979 18751 13328 26036 6108 23948 28059 16472 11999 7182 439 2716 12809 17277 19000 8324 13794 25575 12639 27173 17990 32094 10524 26680 26116 23907 23044 32096 27704 26384 17936 59 23400 12809 23323 25130 3681 11297 12569 30433 22224 10699 28696 10413 27039 4423 6649 9608 13589 3208 13291 20703 31916 28135 2987 1565 22193 13194 5244 30719 26526 21906 6120 14487 30519 19208 13877 13853 15207 29061 29350 14457 29912 17315 18295 11153 14676 2599 32150 16978 2014 29675 17441 16000 655 16524 17315 26942 27186 27097 10510 2141 14239 30710 25720 23652 28376 27731 6038 29539 2021 28497 28665 23672 2415 11438 26890 2078 12574 2740 12742 24889 17844 10278 12858 27362 28390 19685 27838 28402 12030 14693 14065 2384 23090 212 1656 7163 10177 23044 19829 30678 14547 4892 8905 17975 12558 5123 12810 32558 15608 7048 12099 30869 8719 9041 19054 23004 13482 5770 24242 145 20366 18249 22877 8626 10575 20163 5280 13235 9069 17457 8716 27981 28458 30336 16592 25868 9260 5307 31663 7575 9431 28985 10948 2750 27752 19334 21750 23366 8914 19730 11577 4980 4697 9371 10121 17498 23279 27740 24999
Node,0.389
R,5.534
R,5.368
Node,0.095
31059 3487 11819 7538 8064 26312 9253 5345 17361 20350 27976 12325 26990 13517 31769 15967 7663 27935 5040 30416 3531 21045 8191 14648 29571 32483 18147 30703 19858 11406 32236 10180 1811 27750 12525 20889 32560 14436 17730 8634 6991 6146 1508 4354 20474 21693 17454 940 19602 31308 14700 31226 13748 7837 29992 11912 6758 11668 25653 15981 4106 13443 15480 14102 8447 26984 22905 9699 31256 27112 21933 1407 702 28175 27777 9472 19427 27333 28966 25794 429 24591 26144 25859 19423 20235 396 574 18695 5034 10804 15177 4202 7723 14676 23853 26287 18523 3369 4297 4430 17038 14399 9765 29878 21595 22904 14743 26945 27931 26843 3736 29400 16417 1314 15459 18278 26806 3586 2131 20478 20955 5944 2554 4299 23998 88 29953 9147 2296 15701 9410 12778 1420 7119 17830 6096 2464 4384 14400 8235 19961 23844 2598 427 30776 3532 8339 2911 27862 12130 28862 11234 17632 13721 25080 16196 25459 26972 13704 20410 26359 26451 4167 13574 29211 31541 506 16036 2196 25553 9842 21690 31637 19418 15461 15293 8717 885 19979 26339 22691 18052 18296 1355 1394 7088 5820 13806 7044 6200 12732 3653 23056 5245 7631 24504 17267 7497 21784 26570 2032 11747 9638 22277 24616 32467 26189 23206 4952 30069 7490 5385 9556 64 29816 12499 26695 27604 6078 31457 28200 31941 22677 12020 5627 23082 13266 25369 12493 5348 5368 15833 31340 22446 29523 25382 25066 3049 9428 17408 24017 32549 688 15594 18467 21871 15287 12048 32280 21597 28789 53 16278 21210 29962 11614 2672 22962 21705 23616 27999 16604 29587 5994 3777 21899 26866 8498 25363 21747 28917 2401 20271 18395 3790 29086 12870 2791 15660 11419 5021 4003 18521 9217 28680 8783 11795 12572 25383 16493 7980 21574 10338 19467 32480 30485 12197 10192 31738 9540 16859 1993 8101 26722 28972 753 28179 12860 20727 12674 29903 524 12686 25598 25315 12382 23476 16124 1705 3526 2007 18355 19826 16451 3342 11592 8408 2929 977 23255 15843 28530 22650 7747 25054 19099 2431 28606 26871 27102 3436 9751 15001 13306 7331 9159 8074 23396 23252 18617 24003 17139 7226 13533 13843 335 17050 10091 8050 12056 28157 1783 23590 27605 32040 24122 17560 17827 6624 22938 25587 28570 19679 4478 17026 29438 21908 11604 31174 18218 16798 11103 28250 31804 7 22849 19336 25729 27712 18764 7335 26783 3296 20617 8250 29317 541 22916 12490 6931 24582 6109 24447 1672 28806 26768 7297 7087 6425 27391 2321 457 24651 7877 20325 4409 20213 4665 7240 8946 10551 28100 5742 27297 15156 26595 28568 18329 13712 28155 27500 14466 21931 3552 30738 24001 21914 27683 13454 13991 24554 21279 224 1369 787 9923 29661 1410 24766 18716 21195 25018 5303 15274 26303 5044 4016 2399 19383 6954 25019 17782 5495 14218 12421 11002 26148 4189 21843 10513 21154 30844 24254 26637 12461 14321 29230 4913 10937 2222 18712 29507 13706 12784 17911 9685 17299 28273 23820 32084 21008 2384 19669 21965 11234 24001 25166 27267 32302 9588 17641 30769 6836 16838 1615 14367 1007 27562 29141 32743 7922 30294 22460 4612 9981 4269 20529 27424 16098 12655 12799 6170 15386 6691 14613 24793 1958 7359 6332 21459 12455 4125 30100 32347 3260 7967 851 23983 543 24220 16958 21693 22398 22033 6243 12985 9627 26377 17051 5728 18082 16199 22851 14857 24398 16826 25781 29808 23994 4638 15752 31298 2568 12145 13452 11368 1203 18717 16004 32532 20148 15070 8097 17804 14168 23416 21187 28345 19420 2587 10351 32366 9422 9873 22926 20345 11555 24621 2539 27244 16151 1908 30314 32040 13000 20104 19209 16174 14993 9304 23704 20134 10535 5770 16952 21035 32118 26147 2709 27484 20537 15100 2275 17955 32603 8677 30106 20675 13073 16790 24304 26788 6324 29274 9499 2014 28511 9338 32323 16263 16973 16746 15945 2749 27887 29621 24122 18034 17616 426 32657 23034 1321 9924 26416 23638 22595 6106 11293 16958 6801 7691 5629 24816 13193 29799 26449 20923 8262 21598 3954 586 3039 23785 77 32177 4485 16506 9183 14905 1119 26020 11631 30700 22821 26250 17039 31711 3454 6921 14288 13378 10522 6565 23880 4392 13455 23348 5829 7703 16884 27980 15310 10319 25408 24430 31581 32219 10848 22255 16223 4441 3866 30122 19431 3720 22180 32615 5686 11158 22787 27146 3948 17191 16421 17531 24330 805 7357 8281 18735 15434 27874 27230 15502 7790 28775 23952 17458 28049 26360 32045 22769 31656 5113 16724 20145 29480 9246 25203 22878 15955 20682 28532 26023 5957 23849 6823 16763 3262 18700 26990 20551 1965 21896 12970 18156 7552 14156 6120 11138 15149 4806 25932 5327 29952 7669 1081 25989 1827 1036 27846 32575 21231 26316 16864 10554 25845 6559 1087 9939 20426 29299 2058 14788 26518 19548 6473 3102 10844 6121 31502 15878 24839 5441 11619 4911 17720 5126 9714 31771 14289 21734 26487 30481 21569 26881 9190 1245 27790 11006 21851 11594 14883 11755 31174 20320 20319 15832 23890 14686 5593 20019 8090 17526 25973 29154 24459 28747 40 14627 14871 14891 32395 4387 1951 11276 31009 351 1053 24392 31335 25278 19988 28440 1441 27755 26681 5842 15967 12916 10719 30690 31954 29220 18979 17290 23248 18464 29147 17497 1448 11332 63 877 24743 20283 28245 1384 17511 13792 32030 23347 26331 11864 6786 629 14362 31468 10492 20946 16366 20135 5638 27876 18460 30643 27458 31738 24433 21364 18029 9107 401 26722 25603 30616 28543 16807 10418 26205 1259 26748 21889 22358 5695 5955 21181 31129 9064 613 15783 32279 27492 21225 9439 14746 11408 11993 8079 27262 7599 27477 11095 7727 27578 17524 31995 29286 18538 14046 12238 11810 21894 22314 32734 28264 30956 17144 31452 25276 25954 1998 21458 21851 25626 7091 17795 31549 11015 17293 12193 18381 19426 828 23217 16486 2043 29554 3775 2957 5312 6489 26817 14321 7438 7139 6860 30499 2875 29422 761 18453 26592 27680 17684 19796 22887 8573 21258 19205 4184 15816 4113 2209 11362 10911 31381 4720 26156 1109 2278 5831 2521 28559 9378 23297 3677 11421
